23:44:17 - INFO - Data saved to c:\Users\drwni\Desktop\MEINF\AI\WP_01\runs\2024-12-15_23-44-17\data\raw\gym_members_exercise_tracking.csv
23:44:18 - INFO - (01/08) Finished training linearregression in 0
23:44:18 - INFO - (02/08) Finished training lasso in 0
23:44:18 - INFO - (03/08) Finished training ridge in 0
23:44:18 - INFO - (04/08) Finished training decisiontreeregressor in 0
23:44:20 - INFO - (05/08) Finished training randomforestregressor in 1
23:44:20 - INFO - (06/08) Finished training gradientboostingregressor in 0
23:44:20 - INFO - (07/08) Finished training svr in 0
23:44:21 - INFO - (08/08) Finished training mlpregressor in 0
23:44:21 - INFO - Calculating R2 Score for each model
23:44:21 - INFO - linearregression R2 Score: 0.9802675995368527
23:44:21 - INFO - lasso R2 Score: 0.980297089067681
23:44:21 - INFO - ridge R2 Score: 0.9801988816370579
23:44:21 - INFO - decisiontreeregressor R2 Score: 0.9413192130750903
23:44:21 - INFO - randomforestregressor R2 Score: 0.972142413682668
23:44:21 - INFO - gradientboostingregressor R2 Score: 0.9941876820036429
23:44:21 - INFO - svr R2 Score: 0.13393774567823458
23:44:21 - INFO - mlpregressor R2 Score: -3.458198790344973
23:44:21 - INFO - Calculating RMSE for each model
23:44:21 - INFO - linearregression RMSE: 40.573094713085986
23:44:21 - INFO - lasso RMSE: 40.54276568922698
23:44:21 - INFO - ridge RMSE: 40.64368102361582
23:44:21 - INFO - decisiontreeregressor RMSE: 69.96746496655537
23:44:21 - INFO - randomforestregressor RMSE: 48.208089080780965
23:44:21 - INFO - gradientboostingregressor RMSE: 22.020281058149106
23:44:21 - INFO - svr RMSE: 268.79595564948096
23:44:21 - INFO - mlpregressor RMSE: 609.856826146366
